origin/build_/intermediates/manifest_merge_blame_file/qaseemati_clientRelease/manifest-merger-blame-qaseemati_client-release-report.txt
1<?xml version="1.0" encoding="utf-8"?>
2<manifest xmlns:android="http://schemas.android.com/apk/res/android"
3    package="com.ids.qasemti"
4    android:versionCode="18"
5    android:versionName="2.8" >
6
7    <uses-sdk
8        android:minSdkVersion="21"
8-->src\main\AndroidManifest.xml
9        android:targetSdkVersion="30" />
9-->src\main\AndroidManifest.xml
10
11    <uses-permission android:name="android.permission.ACCESS_NETWORK_STATE" />
11-->src\main\AndroidManifest.xml:6:5-79
11-->src\main\AndroidManifest.xml:6:22-76
12    <uses-permission android:name="android.permission.ACCESS_COARSE_LOCATION" />
12-->src\main\AndroidManifest.xml:7:5-80
12-->src\main\AndroidManifest.xml:7:22-78
13    <uses-permission android:name="android.permission.ACCESS_FINE_LOCATION" />
13-->src\main\AndroidManifest.xml:8:5-78
13-->src\main\AndroidManifest.xml:8:22-76
14    <uses-permission android:name="com.google.android.providers.gsf.permission.READ_GSERVICES" />
14-->src\main\AndroidManifest.xml:9:5-97
14-->src\main\AndroidManifest.xml:9:22-95
15    <uses-permission android:name="android.permission.INTERNET" />
15-->src\main\AndroidManifest.xml:10:5-67
15-->src\main\AndroidManifest.xml:10:22-64
16    <uses-permission android:name="android.permission.CAMERA" />
16-->src\main\AndroidManifest.xml:11:5-65
16-->src\main\AndroidManifest.xml:11:22-62
17    <uses-permission android:name="android.permission.FOREGROUND_SERVICE" />
17-->src\main\AndroidManifest.xml:12:5-77
17-->src\main\AndroidManifest.xml:12:22-74
18    <uses-permission android:name="android.permission.ACCESS_WIFI_STATE" />
18-->[:payment] AndroidManifest.xml:11:5-76
18-->[:payment] AndroidManifest.xml:11:22-73
19    <uses-permission android:name="android.permission.WRITE_EXTERNAL_STORAGE" />
19-->[com.github.jaiselrahman:FilePicker:1.3.2] AndroidManifest.xml:11:5-81
19-->[com.github.jaiselrahman:FilePicker:1.3.2] AndroidManifest.xml:11:22-78
20    <uses-permission android:name="android.permission.READ_EXTERNAL_STORAGE" />
21
22    <uses-feature
22-->[com.google.android.gms:play-services-maps:17.0.1] AndroidManifest.xml:26:5-28:35
23        android:glEsVersion="0x00020000"
23-->[com.google.android.gms:play-services-maps:17.0.1] AndroidManifest.xml:27:9-41
24        android:required="true" />
24-->[com.google.android.gms:play-services-maps:17.0.1] AndroidManifest.xml:28:9-32
25
26    <queries>
26-->[com.google.android.gms:play-services-maps:17.0.1] AndroidManifest.xml:30:5-34:15
27
28        <!-- Needs to be explicitly declared on Android R+ -->
29        <package android:name="com.google.android.apps.maps" />
29-->[com.google.android.gms:play-services-maps:17.0.1] AndroidManifest.xml:33:9-64
29-->[com.google.android.gms:play-services-maps:17.0.1] AndroidManifest.xml:33:18-61
30
31        <intent>
31-->[androidx.media:media:1.3.1] AndroidManifest.xml:25:9-27:18
32            <action android:name="android.media.browse.MediaBrowserService" />
32-->[androidx.media:media:1.3.1] AndroidManifest.xml:26:13-79
32-->[androidx.media:media:1.3.1] AndroidManifest.xml:26:21-76
33        </intent>
34    </queries>
35
36    <uses-permission android:name="android.permission.WAKE_LOCK" /> <!-- Required by older versions of Google Play services to create IID tokens -->
36-->[com.google.firebase:firebase-messaging:22.0.0] AndroidManifest.xml:23:5-68
36-->[com.google.firebase:firebase-messaging:22.0.0] AndroidManifest.xml:23:22-65
37    <uses-permission android:name="com.google.android.c2dm.permission.RECEIVE" />
37-->[com.google.firebase:firebase-messaging:22.0.0] AndroidManifest.xml:25:5-82
37-->[com.google.firebase:firebase-messaging:22.0.0] AndroidManifest.xml:25:22-79
38    <uses-permission android:name="com.google.android.finsky.permission.BIND_GET_INSTALL_REFERRER_SERVICE" />
38-->[com.google.android.gms:play-services-measurement:19.0.2] AndroidManifest.xml:26:5-110
38-->[com.google.android.gms:play-services-measurement:19.0.2] AndroidManifest.xml:26:22-107
39
40    <application
40-->src\main\AndroidManifest.xml:15:5-211:19
41        android:name="com.ids.qasemti.controller.MyApplication"
41-->src\main\AndroidManifest.xml:16:9-49
42        android:allowBackup="false"
42-->src\main\AndroidManifest.xml:17:9-36
43        android:appComponentFactory="androidx.core.app.CoreComponentFactory"
43-->[androidx.core:core:1.6.0] AndroidManifest.xml:24:18-86
44        android:hardwareAccelerated="true"
44-->src\main\AndroidManifest.xml:24:9-43
45        android:icon="@mipmap/ic_launcher"
45-->src\main\AndroidManifest.xml:18:9-43
46        android:label="@string/app_name"
46-->src\main\AndroidManifest.xml:19:9-41
47        android:largeHeap="true"
47-->src\main\AndroidManifest.xml:20:9-33
48        android:requestLegacyExternalStorage="true"
48-->src\main\AndroidManifest.xml:26:9-52
49        android:roundIcon="@mipmap/ic_launcher"
49-->src\main\AndroidManifest.xml:21:9-48
50        android:supportsRtl="true"
50-->src\main\AndroidManifest.xml:22:9-35
51        android:theme="@style/AppTheme"
51-->src\main\AndroidManifest.xml:25:9-40
52        android:usesCleartextTraffic="true" >
52-->src\main\AndroidManifest.xml:27:9-44
53
54        <!--
55            <service
56            android:name=".utils.LocationUpdatesService"
57            android:enabled="true"
58            android:exported="true"
59            android:foregroundServiceType="location" />
60        -->
61
62        <provider
63            android:name="androidx.core.content.FileProvider"
63-->src\main\AndroidManifest.xml:36:13-62
64            android:authorities="com.ids.qasemti.provider"
64-->src\main\AndroidManifest.xml:37:13-60
65            android:exported="false"
65-->src\main\AndroidManifest.xml:38:13-37
66            android:grantUriPermissions="true" >
66-->src\main\AndroidManifest.xml:39:13-47
67            <meta-data
67-->src\main\AndroidManifest.xml:40:13-42:58
68                android:name="android.support.FILE_PROVIDER_PATHS"
68-->src\main\AndroidManifest.xml:41:17-67
69                android:resource="@xml/provider_paths" />
69-->src\main\AndroidManifest.xml:42:17-55
70        </provider>
71
72        <meta-data
72-->src\main\AndroidManifest.xml:44:9-46:69
73            android:name="com.google.android.gms.version"
73-->src\main\AndroidManifest.xml:45:13-58
74            android:value="@integer/google_play_services_version" />
74-->src\main\AndroidManifest.xml:46:13-66
75
76<!--              The API key for Google Maps-based APIs. -->
77
78
79        <!--
80                 <activity
81                 android:name=".controller.Activities.ActivityHome"
82                  android:screenOrientation="portrait"
83                 android:theme="@style/AppTheme.NoActionBar" >
84             </activity>
85        -->
86
87        <activity
87-->src\main\AndroidManifest.xml:60:9-62:52
88            android:name="com.ids.qasemti.controller.Activities.ActivityChooseLanguage"
88-->src\main\AndroidManifest.xml:61:13-73
89            android:screenOrientation="portrait" />
89-->src\main\AndroidManifest.xml:62:13-49
90        <activity
90-->src\main\AndroidManifest.xml:64:9-67:52
91            android:name="com.ids.qasemti.controller.Activities.ActivityAddNewAddress"
91-->src\main\AndroidManifest.xml:65:13-72
92            android:configChanges="orientation|keyboardHidden"
92-->src\main\AndroidManifest.xml:66:13-63
93            android:screenOrientation="portrait" />
93-->src\main\AndroidManifest.xml:67:13-49
94        <activity
94-->src\main\AndroidManifest.xml:68:9-71:52
95            android:name="com.ids.qasemti.controller.Activities.ActivityMobileRegistration"
95-->src\main\AndroidManifest.xml:69:13-77
96            android:configChanges="orientation|keyboardHidden"
96-->src\main\AndroidManifest.xml:70:13-63
97            android:screenOrientation="portrait" />
97-->src\main\AndroidManifest.xml:71:13-49
98        <activity
98-->src\main\AndroidManifest.xml:73:9-76:52
99            android:name="com.ids.qasemti.controller.Activities.ActivityRegistration"
99-->src\main\AndroidManifest.xml:74:13-71
100            android:configChanges="orientation|keyboardHidden"
100-->src\main\AndroidManifest.xml:75:13-63
101            android:screenOrientation="portrait" />
101-->src\main\AndroidManifest.xml:76:13-49
102        <activity
102-->src\main\AndroidManifest.xml:79:9-82:52
103            android:name="com.ids.qasemti.controller.Activities.ActivityAddresses"
103-->src\main\AndroidManifest.xml:80:13-68
104            android:configChanges="orientation|keyboardHidden"
104-->src\main\AndroidManifest.xml:81:13-63
105            android:screenOrientation="portrait" />
105-->src\main\AndroidManifest.xml:82:13-49
106        <activity
106-->src\main\AndroidManifest.xml:83:9-86:52
107            android:name="com.ids.qasemti.controller.Activities.ActivityTrackOrder"
107-->src\main\AndroidManifest.xml:84:13-69
108            android:configChanges="orientation|keyboardHidden"
108-->src\main\AndroidManifest.xml:85:13-63
109            android:screenOrientation="portrait" />
109-->src\main\AndroidManifest.xml:86:13-49
110        <activity
110-->src\main\AndroidManifest.xml:87:9-90:52
111            android:name="com.ids.qasemti.controller.Activities.ActivityContactUs"
111-->src\main\AndroidManifest.xml:88:13-68
112            android:configChanges="orientation|keyboardHidden"
112-->src\main\AndroidManifest.xml:89:13-63
113            android:screenOrientation="portrait" />
113-->src\main\AndroidManifest.xml:90:13-49
114        <!--
115            <activity
116            android:name="com.ids.qasemti.controller.Activities.Activ"
117            android:screenOrientation="portrait"
118            android:theme="@style/AppTheme.NoActionBar"/>
119        -->
120
121
122        <!--
123            <activity android:name=".controller.Activities.ActivityMap"
124            android:screenOrientation="portrait"/>
125        -->
126        <activity
126-->src\main\AndroidManifest.xml:99:9-101:51
127            android:name="com.ids.qasemti.controller.Activities.ActivityAccountStatus"
127-->src\main\AndroidManifest.xml:100:13-72
128            android:screenOrientation="portrait" />
128-->src\main\AndroidManifest.xml:101:13-49
129        <activity
129-->src\main\AndroidManifest.xml:102:9-105:52
130            android:name="com.ids.qasemti.controller.Activities.ActivityMap"
130-->src\main\AndroidManifest.xml:103:13-62
131            android:configChanges="orientation|keyboardHidden"
131-->src\main\AndroidManifest.xml:104:13-63
132            android:screenOrientation="portrait" />
132-->src\main\AndroidManifest.xml:105:13-49
133        <activity
133-->src\main\AndroidManifest.xml:107:9-109:52
134            android:name="com.ids.qasemti.controller.Activities.ActivityServices"
134-->src\main\AndroidManifest.xml:108:13-67
135            android:screenOrientation="portrait" />
135-->src\main\AndroidManifest.xml:109:13-49
136        <activity
136-->src\main\AndroidManifest.xml:111:9-114:52
137            android:name="com.ids.qasemti.controller.Activities.ActivityServiceInformation"
137-->src\main\AndroidManifest.xml:112:13-77
138            android:configChanges="orientation|keyboardHidden"
138-->src\main\AndroidManifest.xml:113:13-63
139            android:screenOrientation="portrait" />
139-->src\main\AndroidManifest.xml:114:13-49
140        <activity
140-->src\main\AndroidManifest.xml:116:9-118:52
141            android:name="com.ids.qasemti.controller.Activities.ActivitySettlements"
141-->src\main\AndroidManifest.xml:117:13-70
142            android:screenOrientation="portrait" />
142-->src\main\AndroidManifest.xml:118:13-49
143
144        <service
144-->src\main\AndroidManifest.xml:120:9-122:43
145            android:name="com.ids.qasemti.utils.CurrentLocationService"
145-->src\main\AndroidManifest.xml:121:13-57
146            android:stopWithTask="true" />
146-->src\main\AndroidManifest.xml:122:13-40
147        <service
147-->src\main\AndroidManifest.xml:124:9-129:55
148            android:name="com.ids.qasemti.utils.LocationForeService"
148-->src\main\AndroidManifest.xml:125:13-54
149            android:enabled="true"
149-->src\main\AndroidManifest.xml:127:13-35
150            android:exported="false"
150-->src\main\AndroidManifest.xml:128:13-37
151            android:foregroundServiceType="location"
151-->src\main\AndroidManifest.xml:129:13-53
152            android:stopWithTask="true" />
152-->src\main\AndroidManifest.xml:126:13-40
153
154        <activity
154-->src\main\AndroidManifest.xml:131:9-133:52
155            android:name="com.ids.qasemti.controller.Activities.ActivityChat"
155-->src\main\AndroidManifest.xml:132:13-63
156            android:screenOrientation="portrait" />
156-->src\main\AndroidManifest.xml:133:13-49
157        <activity
157-->src\main\AndroidManifest.xml:134:9-136:52
158            android:name="com.ids.qasemti.controller.Activities.ActivityCurrentLocation"
158-->src\main\AndroidManifest.xml:135:13-74
159            android:screenOrientation="portrait" />
159-->src\main\AndroidManifest.xml:136:13-49
160        <activity
160-->src\main\AndroidManifest.xml:137:9-139:52
161            android:name="com.ids.qasemti.controller.Activities.ActivityWeb"
161-->src\main\AndroidManifest.xml:138:13-62
162            android:screenOrientation="portrait" />
162-->src\main\AndroidManifest.xml:139:13-49
163
164        <!--
165             <activity
166             android:name=".controller.Activities.ActivityRelatedOrders"
167             android:screenOrientation="portrait" />
168        -->
169        <activity
169-->src\main\AndroidManifest.xml:146:9-150:52
170            android:name="com.ids.qasemti.controller.Activities.ActivityMapAddress"
170-->src\main\AndroidManifest.xml:147:13-69
171            android:configChanges="orientation|keyboardHidden"
171-->src\main\AndroidManifest.xml:148:13-63
172            android:screenOrientation="portrait"
172-->src\main\AndroidManifest.xml:150:13-49
173            android:theme="@style/AppTheme.NoActionBar" />
173-->src\main\AndroidManifest.xml:149:13-56
174        <activity
174-->src\main\AndroidManifest.xml:151:9-155:58
175            android:name="com.ids.qasemti.controller.Activities.ActivitySelectAddress"
175-->src\main\AndroidManifest.xml:152:13-72
176            android:configChanges="orientation|keyboardHidden"
176-->src\main\AndroidManifest.xml:153:13-63
177            android:screenOrientation="portrait"
177-->src\main\AndroidManifest.xml:154:13-49
178            android:theme="@style/AppTheme.NoActionBar" />
178-->src\main\AndroidManifest.xml:155:13-56
179        <activity
179-->src\main\AndroidManifest.xml:157:9-159:52
180            android:name="com.ids.qasemti.controller.Activities.ActivityPlaceOrder"
180-->src\main\AndroidManifest.xml:158:13-69
181            android:screenOrientation="portrait" />
181-->src\main\AndroidManifest.xml:159:13-49
182        <activity
182-->src\main\AndroidManifest.xml:160:9-165:15
183            android:name="com.ids.qasemti.controller.Activities.ActivityCodeVerification"
183-->src\main\AndroidManifest.xml:161:13-75
184            android:screenOrientation="portrait"
184-->src\main\AndroidManifest.xml:162:13-49
185            android:windowSoftInputMode="stateVisible" />
185-->src\main\AndroidManifest.xml:163:13-55
186        <activity
186-->src\main\AndroidManifest.xml:166:9-169:58
187            android:name="com.ids.qasemti.controller.Activities.ActivityHome"
187-->src\main\AndroidManifest.xml:167:13-63
188            android:screenOrientation="portrait"
188-->src\main\AndroidManifest.xml:168:13-49
189            android:theme="@style/AppTheme.NoActionBar" />
189-->src\main\AndroidManifest.xml:169:13-56
190        <activity
190-->src\main\AndroidManifest.xml:170:9-173:58
191            android:name="com.ids.qasemti.controller.Activities.ActivityMapLocation"
191-->src\main\AndroidManifest.xml:171:13-70
192            android:screenOrientation="portrait"
192-->src\main\AndroidManifest.xml:172:13-49
193            android:theme="@style/AppTheme.NoActionBar" />
193-->src\main\AndroidManifest.xml:173:13-56
194        <activity
194-->src\main\AndroidManifest.xml:174:9-178:58
195            android:name="com.ids.qasemti.controller.Activities.ActivityOrderDetails"
195-->src\main\AndroidManifest.xml:175:13-71
196            android:configChanges="orientation|keyboardHidden"
196-->src\main\AndroidManifest.xml:176:13-63
197            android:screenOrientation="portrait"
197-->src\main\AndroidManifest.xml:177:13-49
198            android:theme="@style/AppTheme.NoActionBar" />
198-->src\main\AndroidManifest.xml:178:13-56
199        <activity
199-->src\main\AndroidManifest.xml:180:9-183:58
200            android:name="com.ids.qasemti.controller.Activities.ActivityRelatedOrders"
200-->src\main\AndroidManifest.xml:181:13-72
201            android:screenOrientation="portrait"
201-->src\main\AndroidManifest.xml:182:13-49
202            android:theme="@style/AppTheme.NoActionBar" />
202-->src\main\AndroidManifest.xml:183:13-56
203        <activity
203-->src\main\AndroidManifest.xml:185:9-189:58
204            android:name="com.ids.qasemti.controller.Activities.ActivityCheckout"
204-->src\main\AndroidManifest.xml:186:13-67
205            android:configChanges="orientation|keyboardHidden"
205-->src\main\AndroidManifest.xml:187:13-63
206            android:screenOrientation="portrait"
206-->src\main\AndroidManifest.xml:188:13-49
207            android:theme="@style/AppTheme.NoActionBar" />
207-->src\main\AndroidManifest.xml:189:13-56
208        <activity
208-->src\main\AndroidManifest.xml:191:9-200:20
209            android:name="com.ids.qasemti.controller.Activities.ActivitySplash"
209-->src\main\AndroidManifest.xml:192:13-65
210            android:screenOrientation="fullSensor"
210-->src\main\AndroidManifest.xml:193:13-51
211            android:theme="@style/AppTheme.NoActionBar" >
211-->src\main\AndroidManifest.xml:194:13-56
212            <intent-filter>
212-->src\main\AndroidManifest.xml:195:13-199:29
213                <action android:name="android.intent.action.MAIN" />
213-->src\main\AndroidManifest.xml:196:17-69
213-->src\main\AndroidManifest.xml:196:25-66
214
215                <category android:name="android.intent.category.LAUNCHER" />
215-->src\main\AndroidManifest.xml:198:17-77
215-->src\main\AndroidManifest.xml:198:27-74
216            </intent-filter>
217        </activity>
218
219        <meta-data
219-->src\main\AndroidManifest.xml:203:9-205:71
220            android:name="com.google.android.geo.API_KEY"
220-->src\main\AndroidManifest.xml:204:13-58
221            android:value="AIzaSyCKeZJUtvoCxtgf5Pjm3kQy_5yScjUst5U" />
221-->src\main\AndroidManifest.xml:205:13-68
222        <meta-data
222-->src\main\AndroidManifest.xml:44:9-46:69
223            android:name="com.google.android.gms.version"
223-->src\main\AndroidManifest.xml:45:13-58
224            android:value="@integer/google_play_services_version" />
224-->src\main\AndroidManifest.xml:46:13-66
225
226        <provider
226-->[com.google.firebase:firebase-perf:20.0.3] AndroidManifest.xml:14:9-18:39
227            android:name="com.google.firebase.perf.provider.FirebasePerfProvider"
227-->[com.google.firebase:firebase-perf:20.0.3] AndroidManifest.xml:15:13-82
228            android:authorities="com.ids.qasemti.firebaseperfprovider"
228-->[com.google.firebase:firebase-perf:20.0.3] AndroidManifest.xml:16:13-72
229            android:exported="false"
229-->[com.google.firebase:firebase-perf:20.0.3] AndroidManifest.xml:17:13-37
230            android:initOrder="101" />
230-->[com.google.firebase:firebase-perf:20.0.3] AndroidManifest.xml:18:13-36
231
232        <service
232-->[com.google.firebase:firebase-perf:20.0.3] AndroidManifest.xml:20:9-26:19
233            android:name="com.google.firebase.components.ComponentDiscoveryService"
233-->[com.google.firebase:firebase-perf:20.0.3] AndroidManifest.xml:21:13-84
234            android:directBootAware="true"
234-->[com.google.firebase:firebase-common:20.0.0] AndroidManifest.xml:35:13-43
235            android:exported="false" >
235-->[com.google.firebase:firebase-perf:20.0.3] AndroidManifest.xml:22:13-37
236            <meta-data
236-->[com.google.firebase:firebase-perf:20.0.3] AndroidManifest.xml:23:13-25:85
237                android:name="com.google.firebase.components:com.google.firebase.perf.FirebasePerfRegistrar"
237-->[com.google.firebase:firebase-perf:20.0.3] AndroidManifest.xml:24:17-109
238                android:value="com.google.firebase.components.ComponentRegistrar" />
238-->[com.google.firebase:firebase-perf:20.0.3] AndroidManifest.xml:25:17-82
239            <meta-data
239-->[com.google.firebase:firebase-config-ktx:21.0.1] AndroidManifest.xml:15:13-17:85
240                android:name="com.google.firebase.components:com.google.firebase.remoteconfig.ktx.FirebaseRemoteConfigKtxRegistrar"
240-->[com.google.firebase:firebase-config-ktx:21.0.1] AndroidManifest.xml:16:17-132
241                android:value="com.google.firebase.components.ComponentRegistrar" />
241-->[com.google.firebase:firebase-config-ktx:21.0.1] AndroidManifest.xml:17:17-82
242            <meta-data
242-->[com.google.firebase:firebase-firestore-ktx:23.0.4] AndroidManifest.xml:15:13-17:85
243                android:name="com.google.firebase.components:com.google.firebase.firestore.ktx.FirebaseFirestoreKtxRegistrar"
243-->[com.google.firebase:firebase-firestore-ktx:23.0.4] AndroidManifest.xml:16:17-126
244                android:value="com.google.firebase.components.ComponentRegistrar" />
244-->[com.google.firebase:firebase-firestore-ktx:23.0.4] AndroidManifest.xml:17:17-82
245            <meta-data
245-->[com.google.firebase:firebase-common-ktx:20.0.0] AndroidManifest.xml:15:13-17:85
246                android:name="com.google.firebase.components:com.google.firebase.ktx.FirebaseCommonKtxRegistrar"
246-->[com.google.firebase:firebase-common-ktx:20.0.0] AndroidManifest.xml:16:17-113
247                android:value="com.google.firebase.components.ComponentRegistrar" />
247-->[com.google.firebase:firebase-common-ktx:20.0.0] AndroidManifest.xml:17:17-82
248            <meta-data
248-->[com.google.firebase:firebase-firestore:23.0.4] AndroidManifest.xml:20:13-22:85
249                android:name="com.google.firebase.components:com.google.firebase.firestore.FirestoreRegistrar"
249-->[com.google.firebase:firebase-firestore:23.0.4] AndroidManifest.xml:21:17-111
250                android:value="com.google.firebase.components.ComponentRegistrar" />
250-->[com.google.firebase:firebase-firestore:23.0.4] AndroidManifest.xml:22:17-82
251            <meta-data
251-->[com.google.firebase:firebase-messaging:22.0.0] AndroidManifest.xml:52:13-54:85
252                android:name="com.google.firebase.components:com.google.firebase.messaging.FirebaseMessagingRegistrar"
252-->[com.google.firebase:firebase-messaging:22.0.0] AndroidManifest.xml:53:17-119
253                android:value="com.google.firebase.components.ComponentRegistrar" />
253-->[com.google.firebase:firebase-messaging:22.0.0] AndroidManifest.xml:54:17-82
254            <meta-data
254-->[com.google.firebase:firebase-crashlytics:18.2.3] AndroidManifest.xml:18:13-20:85
255                android:name="com.google.firebase.components:com.google.firebase.crashlytics.CrashlyticsRegistrar"
255-->[com.google.firebase:firebase-crashlytics:18.2.3] AndroidManifest.xml:19:17-115
256                android:value="com.google.firebase.components.ComponentRegistrar" />
256-->[com.google.firebase:firebase-crashlytics:18.2.3] AndroidManifest.xml:20:17-82
257            <meta-data
257-->[com.google.firebase:firebase-config:21.0.1] AndroidManifest.xml:32:13-34:85
258                android:name="com.google.firebase.components:com.google.firebase.remoteconfig.RemoteConfigRegistrar"
258-->[com.google.firebase:firebase-config:21.0.1] AndroidManifest.xml:33:17-117
259                android:value="com.google.firebase.components.ComponentRegistrar" />
259-->[com.google.firebase:firebase-config:21.0.1] AndroidManifest.xml:34:17-82
260            <meta-data
260-->[com.google.firebase:firebase-abt:21.0.0] AndroidManifest.xml:13:13-15:85
261                android:name="com.google.firebase.components:com.google.firebase.abt.component.AbtRegistrar"
261-->[com.google.firebase:firebase-abt:21.0.0] AndroidManifest.xml:14:17-109
262                android:value="com.google.firebase.components.ComponentRegistrar" />
262-->[com.google.firebase:firebase-abt:21.0.0] AndroidManifest.xml:15:17-82
263            <meta-data
263-->[com.google.android.gms:play-services-measurement-api:19.0.2] AndroidManifest.xml:30:13-32:85
264                android:name="com.google.firebase.components:com.google.firebase.analytics.connector.internal.AnalyticsConnectorRegistrar"
264-->[com.google.android.gms:play-services-measurement-api:19.0.2] AndroidManifest.xml:31:17-139
265                android:value="com.google.firebase.components.ComponentRegistrar" />
265-->[com.google.android.gms:play-services-measurement-api:19.0.2] AndroidManifest.xml:32:17-82
266            <meta-data
266-->[com.google.firebase:firebase-installations:17.0.0] AndroidManifest.xml:18:13-20:85
267                android:name="com.google.firebase.components:com.google.firebase.installations.FirebaseInstallationsRegistrar"
267-->[com.google.firebase:firebase-installations:17.0.0] AndroidManifest.xml:19:17-127
268                android:value="com.google.firebase.components.ComponentRegistrar" />
268-->[com.google.firebase:firebase-installations:17.0.0] AndroidManifest.xml:20:17-82
269            <meta-data
269-->[com.google.firebase:firebase-datatransport:18.0.1] AndroidManifest.xml:28:13-30:85
270                android:name="com.google.firebase.components:com.google.firebase.datatransport.TransportRegistrar"
270-->[com.google.firebase:firebase-datatransport:18.0.1] AndroidManifest.xml:29:17-115
271                android:value="com.google.firebase.components.ComponentRegistrar" />
271-->[com.google.firebase:firebase-datatransport:18.0.1] AndroidManifest.xml:30:17-82
272        </service>
273
274        <activity
274-->[:payment] AndroidManifest.xml:20:9-31:20
275            android:name="com.upayments.activity.ActivityWeb"
275-->[:payment] AndroidManifest.xml:21:13-62
276            android:label="@string/app_name"
276-->[:payment] AndroidManifest.xml:22:13-45
277            android:theme="@style/customUpaymentsTheme" >
277-->[:payment] AndroidManifest.xml:23:13-56
278
279            <!-- <intent-filter> -->
280            <!-- <action android:name="android.intent.action.MAIN" /> -->
281
282
283            <!-- <category android:name="android.intent.category.LAUNCHER" /> -->
284            <!-- </intent-filter> -->
285        </activity>
286
287        <provider
287-->[com.github.jaiselrahman:FilePicker:1.3.2] AndroidManifest.xml:14:9-22:20
288            android:name="com.jaiselrahman.filepicker.utils.FilePickerProvider"
288-->[com.github.jaiselrahman:FilePicker:1.3.2] AndroidManifest.xml:15:13-80
289            android:authorities="com.ids.qasemti.filepicker.provider"
289-->[com.github.jaiselrahman:FilePicker:1.3.2] AndroidManifest.xml:16:13-71
290            android:exported="false"
290-->[com.github.jaiselrahman:FilePicker:1.3.2] AndroidManifest.xml:17:13-37
291            android:grantUriPermissions="true" >
291-->[com.github.jaiselrahman:FilePicker:1.3.2] AndroidManifest.xml:18:13-47
292            <meta-data
292-->src\main\AndroidManifest.xml:40:13-42:58
293                android:name="android.support.FILE_PROVIDER_PATHS"
293-->src\main\AndroidManifest.xml:41:17-67
294                android:resource="@xml/com_jaiselrahman_filepicker_provider_paths" />
294-->src\main\AndroidManifest.xml:42:17-55
295        </provider>
296
297        <activity
297-->[com.github.jaiselrahman:FilePicker:1.3.2] AndroidManifest.xml:24:9-26:59
298            android:name="com.jaiselrahman.filepicker.activity.FilePickerActivity"
298-->[com.github.jaiselrahman:FilePicker:1.3.2] AndroidManifest.xml:25:13-83
299            android:theme="@style/AppTheme.NoActionBar" />
299-->[com.github.jaiselrahman:FilePicker:1.3.2] AndroidManifest.xml:26:13-56
300        <activity
300-->[com.nbsp:materialfilepicker:1.9.1] AndroidManifest.xml:14:9-17:20
301            android:name="com.nbsp.materialfilepicker.ui.FilePickerActivity"
301-->[com.nbsp:materialfilepicker:1.9.1] AndroidManifest.xml:15:13-77
302            android:theme="@style/MFP_BaseTheme" >
302-->[com.nbsp:materialfilepicker:1.9.1] AndroidManifest.xml:16:13-49
303        </activity>
304        <activity
304-->[com.google.android.libraries.places:places:2.5.0] AndroidManifest.xml:14:9-20:20
305            android:name="com.google.android.libraries.places.widget.AutocompleteActivity"
305-->[com.google.android.libraries.places:places:2.5.0] AndroidManifest.xml:15:13-91
306            android:exported="false"
306-->[com.google.android.libraries.places:places:2.5.0] AndroidManifest.xml:16:13-37
307            android:label="@string/places_autocomplete_label"
307-->[com.google.android.libraries.places:places:2.5.0] AndroidManifest.xml:17:13-62
308            android:theme="@style/PlacesAutocompleteOverlay"
308-->[com.google.android.libraries.places:places:2.5.0] AndroidManifest.xml:18:13-61
309            android:windowSoftInputMode="adjustResize" >
309-->[com.google.android.libraries.places:places:2.5.0] AndroidManifest.xml:19:13-55
310        </activity> <!-- Needs to be explicitly declared on P+ -->
311        <uses-library
311-->[com.google.android.gms:play-services-maps:17.0.1] AndroidManifest.xml:39:9-41:40
312            android:name="org.apache.http.legacy"
312-->[com.google.android.gms:play-services-maps:17.0.1] AndroidManifest.xml:40:13-50
313            android:required="false" />
313-->[com.google.android.gms:play-services-maps:17.0.1] AndroidManifest.xml:41:13-37
314
315        <receiver
315-->[com.google.firebase:firebase-messaging:22.0.0] AndroidManifest.xml:28:9-35:20